<?xml version="1.0" encoding="UTF-8"?>
<!-- Generated by org.testng.reporters.JUnitReportReporter -->
<testsuite hostname="RAC-L-13P9BG2" name="testNGexamples.testngDataExcel" tests="3" failures="0" timestamp="11 Feb 2019 19:58:32 GMT" time="0.032" errors="0">
  <testcase name="verifyData1" time="0.032" classname="testNGexamples.testngDataExcel"/>
  <testcase name="verifyData1" time="0.000" classname="testNGexamples.testngDataExcel"/>
  <testcase name="verifyData1" time="0.000" classname="testNGexamples.testngDataExcel"/>
</testsuite> <!-- testNGexamples.testngDataExcel -->
