<?xml version="1.0" encoding="UTF-8"?>
<!-- Generated by org.testng.reporters.JUnitReportReporter -->
<testsuite hostname="RAC-L-13P9BG2" name="testNGexamples.testngDataExcel" tests="3" failures="0" timestamp="11 Feb 2019 19:40:38 GMT" time="19.150" errors="0">
  <testcase name="verifyData1" time="2.059" classname="testNGexamples.testngDataExcel"/>
  <testcase name="verifyData1" time="13.699" classname="testNGexamples.testngDataExcel"/>
  <testcase name="verifyData1" time="3.392" classname="testNGexamples.testngDataExcel"/>
</testsuite> <!-- testNGexamples.testngDataExcel -->
